# JRE version: OpenJDK Runtime Environment (8.0_242-b01) (build 1.8.0_242-release-1644-b01)
# Java VM: OpenJDK 64-Bit Server VM (25.242-b01 mixed mode windows-amd64 compressed oops)
Heap:
 PSYoungGen      total 174080K, used 58659K [0x00000000d5580000, 0x00000000e2c80000, 0x0000000100000000)
  eden space 153088K, 28% used [0x00000000d5580000,0x00000000d8048c20,0x00000000deb00000)
  from space 20992K, 70% used [0x00000000deb00000,0x00000000df9800f0,0x00000000dff80000)
  to   space 21504K, 0% used [0x00000000e1780000,0x00000000e1780000,0x00000000e2c80000)
 ParOldGen       total 263680K, used 36970K [0x0000000080000000, 0x0000000090180000, 0x00000000d5580000)
  object space 263680K, 14% used [0x0000000080000000,0x000000008241a8d8,0x0000000090180000)
 Metaspace       used 64002K, capacity 66855K, committed 66968K, reserved 1107968K
  class space    used 8810K, capacity 9368K, committed 9392K, reserved 1048576K
GC Heap History (10 events):
Event: 24.248 GC heap before
{Heap before GC invocations=10 (full 2):
 PSYoungGen      total 105472K, used 93696K [0x00000000d5580000, 0x00000000df800000, 0x0000000100000000)
  eden space 93696K, 100% used [0x00000000d5580000,0x00000000db100000,0x00000000db100000)
  from space 11776K, 0% used [0x00000000db100000,0x00000000db100000,0x00000000dbc80000)
  to   space 11776K, 0% used [0x00000000dec80000,0x00000000dec80000,0x00000000df800000)
 ParOldGen       total 169472K, used 14463K [0x0000000080000000, 0x000000008a580000, 0x00000000d5580000)
  object space 169472K, 8% used [0x0000000080000000,0x0000000080e1feb0,0x000000008a580000)
 Metaspace       used 37055K, capacity 38638K, committed 38824K, reserved 1083392K
  class space    used 5107K, capacity 5433K, committed 5552K, reserved 1048576K
Event: 24.265 GC heap after
Heap after GC invocations=10 (full 2):
 PSYoungGen      total 137216K, used 7519K [0x00000000d5580000, 0x00000000df400000, 0x0000000100000000)
  eden space 129536K, 0% used [0x00000000d5580000,0x00000000d5580000,0x00000000dd400000)
  from space 7680K, 97% used [0x00000000dec80000,0x00000000df3d7e80,0x00000000df400000)
  to   space 11264K, 0% used [0x00000000dde00000,0x00000000dde00000,0x00000000de900000)
 ParOldGen       total 169472K, used 14471K [0x0000000080000000, 0x000000008a580000, 0x00000000d5580000)
  object space 169472K, 8% used [0x0000000080000000,0x0000000080e21eb0,0x000000008a580000)
 Metaspace       used 37055K, capacity 38638K, committed 38824K, reserved 1083392K
  class space    used 5107K, capacity 5433K, committed 5552K, reserved 1048576K
}
Event: 28.680 GC heap before
{Heap before GC invocations=11 (full 2):
 PSYoungGen      total 137216K, used 137055K [0x00000000d5580000, 0x00000000df400000, 0x0000000100000000)
  eden space 129536K, 100% used [0x00000000d5580000,0x00000000dd400000,0x00000000dd400000)
  from space 7680K, 97% used [0x00000000dec80000,0x00000000df3d7e80,0x00000000df400000)
  to   space 11264K, 0% used [0x00000000dde00000,0x00000000dde00000,0x00000000de900000)
 ParOldGen       total 169472K, used 14471K [0x0000000080000000, 0x000000008a580000, 0x00000000d5580000)
  object space 169472K, 8% used [0x0000000080000000,0x0000000080e21eb0,0x000000008a580000)
 Metaspace       used 50852K, capacity 52820K, committed 53032K, reserved 1095680K
  class space    used 6802K, capacity 7206K, committed 7216K, reserved 1048576K
Event: 28.715 GC heap after
Heap after GC invocations=11 (full 2):
 PSYoungGen      total 151040K, used 11252K [0x00000000d5580000, 0x00000000e0f80000, 0x0000000100000000)
  eden space 139776K, 0% used [0x00000000d5580000,0x00000000d5580000,0x00000000dde00000)
  from space 11264K, 99% used [0x00000000dde00000,0x00000000de8fd300,0x00000000de900000)
  to   space 16384K, 0% used [0x00000000dff80000,0x00000000dff80000,0x00000000e0f80000)
 ParOldGen       total 169472K, used 24720K [0x0000000080000000, 0x000000008a580000, 0x00000000d5580000)
  object space 169472K, 14% used [0x0000000080000000,0x00000000818243c8,0x000000008a580000)
 Metaspace       used 50852K, capacity 52820K, committed 53032K, reserved 1095680K
  class space    used 6802K, capacity 7206K, committed 7216K, reserved 1048576K
}
Event: 33.008 GC heap before
{Heap before GC invocations=12 (full 2):
 PSYoungGen      total 151040K, used 131468K [0x00000000d5580000, 0x00000000e0f80000, 0x0000000100000000)
  eden space 139776K, 86% used [0x00000000d5580000,0x00000000dcae60a8,0x00000000dde00000)
  from space 11264K, 99% used [0x00000000dde00000,0x00000000de8fd300,0x00000000de900000)
  to   space 16384K, 0% used [0x00000000dff80000,0x00000000dff80000,0x00000000e0f80000)
 ParOldGen       total 169472K, used 24720K [0x0000000080000000, 0x000000008a580000, 0x00000000d5580000)
  object space 169472K, 14% used [0x0000000080000000,0x00000000818243c8,0x000000008a580000)
 Metaspace       used 56690K, capacity 59041K, committed 59160K, reserved 1099776K
  class space    used 7751K, capacity 8240K, committed 8240K, reserved 1048576K
Event: 33.082 GC heap after
Heap after GC invocations=12 (full 2):
 PSYoungGen      total 169472K, used 16372K [0x00000000d5580000, 0x00000000e2700000, 0x0000000100000000)
  eden space 153088K, 0% used [0x00000000d5580000,0x00000000d5580000,0x00000000deb00000)
  from space 16384K, 99% used [0x00000000dff80000,0x00000000e0f7d320,0x00000000e0f80000)
  to   space 20992K, 0% used [0x00000000deb00000,0x00000000deb00000,0x00000000dff80000)
 ParOldGen       total 169472K, used 32148K [0x0000000080000000, 0x000000008a580000, 0x00000000d5580000)
  object space 169472K, 18% used [0x0000000080000000,0x0000000081f65158,0x000000008a580000)
 Metaspace       used 56690K, capacity 59041K, committed 59160K, reserved 1099776K
  class space    used 7751K, capacity 8240K, committed 8240K, reserved 1048576K
}
Event: 33.082 GC heap before
{Heap before GC invocations=13 (full 3):
 PSYoungGen      total 169472K, used 16372K [0x00000000d5580000, 0x00000000e2700000, 0x0000000100000000)
  eden space 153088K, 0% used [0x00000000d5580000,0x00000000d5580000,0x00000000deb00000)
  from space 16384K, 99% used [0x00000000dff80000,0x00000000e0f7d320,0x00000000e0f80000)
  to   space 20992K, 0% used [0x00000000deb00000,0x00000000deb00000,0x00000000dff80000)
 ParOldGen       total 169472K, used 32148K [0x0000000080000000, 0x000000008a580000, 0x00000000d5580000)
  object space 169472K, 18% used [0x0000000080000000,0x0000000081f65158,0x000000008a580000)
 Metaspace       used 56690K, capacity 59041K, committed 59160K, reserved 1099776K
  class space    used 7751K, capacity 8240K, committed 8240K, reserved 1048576K
Event: 33.794 GC heap after
Heap after GC invocations=13 (full 3):
 PSYoungGen      total 169472K, used 0K [0x00000000d5580000, 0x00000000e2700000, 0x0000000100000000)
  eden space 153088K, 0% used [0x00000000d5580000,0x00000000d5580000,0x00000000deb00000)
  from space 16384K, 0% used [0x00000000dff80000,0x00000000dff80000,0x00000000e0f80000)
  to   space 20992K, 0% used [0x00000000deb00000,0x00000000deb00000,0x00000000dff80000)
 ParOldGen       total 263680K, used 36962K [0x0000000080000000, 0x0000000090180000, 0x00000000d5580000)
  object space 263680K, 14% used [0x0000000080000000,0x00000000824188d8,0x0000000090180000)
 Metaspace       used 56665K, capacity 58957K, committed 59160K, reserved 1099776K
  class space    used 7743K, capacity 8226K, committed 8240K, reserved 1048576K
}
Event: 41.747 GC heap before
{Heap before GC invocations=14 (full 3):
 PSYoungGen      total 169472K, used 153088K [0x00000000d5580000, 0x00000000e2700000, 0x0000000100000000)
  eden space 153088K, 100% used [0x00000000d5580000,0x00000000deb00000,0x00000000deb00000)
  from space 16384K, 0% used [0x00000000dff80000,0x00000000dff80000,0x00000000e0f80000)
  to   space 20992K, 0% used [0x00000000deb00000,0x00000000deb00000,0x00000000dff80000)
 ParOldGen       total 263680K, used 36962K [0x0000000080000000, 0x0000000090180000, 0x00000000d5580000)
  object space 263680K, 14% used [0x0000000080000000,0x00000000824188d8,0x0000000090180000)
 Metaspace       used 63713K, capacity 66547K, committed 66712K, reserved 1105920K
  class space    used 8800K, capacity 9360K, committed 9392K, reserved 1048576K
Event: 41.787 GC heap after
Heap after GC invocations=14 (full 3):
 PSYoungGen      total 174080K, used 14848K [0x00000000d5580000, 0x00000000e2c80000, 0x0000000100000000)
  eden space 153088K, 0% used [0x00000000d5580000,0x00000000d5580000,0x00000000deb00000)
  from space 20992K, 70% used [0x00000000deb00000,0x00000000df9800f0,0x00000000dff80000)
  to   space 21504K, 0% used [0x00000000e1780000,0x00000000e1780000,0x00000000e2c80000)
 ParOldGen       total 263680K, used 36970K [0x0000000080000000, 0x0000000090180000, 0x00000000d5580000)
  object space 263680K, 14% used [0x0000000080000000,0x000000008241a8d8,0x0000000090180000)
 Metaspace       used 63713K, capacity 66547K, committed 66712K, reserved 1105920K
  class space    used 8800K, capacity 9360K, committed 9392K, reserved 1048576K
}

